<?xml version="1.0" encoding="UTF-8"?>
<testng-results skipped="0" failed="0" ignored="0" total="1" passed="1">
  <reporter-output>
  </reporter-output>
  <suite name="Default suite" duration-ms="36537" started-at="2017-08-01T12:27:39Z" finished-at="2017-08-01T12:28:15Z">
    <groups>
    </groups>
    <test name="Default test" duration-ms="36537" started-at="2017-08-01T12:27:39Z" finished-at="2017-08-01T12:28:15Z">
      <class name="Bustbuy">
        <test-method status="PASS" signature="SetUp()[pri:0, instance:Bustbuy@653222]" name="SetUp" is-config="true" duration-ms="14924" started-at="2017-08-01T17:57:39Z" finished-at="2017-08-01T17:57:54Z">
          <reporter-output>
          </reporter-output>
        </test-method> <!-- SetUp -->
        <test-method status="PASS" signature="Test1()[pri:0, instance:Bustbuy@653222]" name="Test1" duration-ms="21582" started-at="2017-08-01T17:57:54Z" finished-at="2017-08-01T17:58:15Z">
          <reporter-output>
          </reporter-output>
        </test-method> <!-- Test1 -->
      </class> <!-- Bustbuy -->
    </test> <!-- Default test -->
  </suite> <!-- Default suite -->
</testng-results>
